C51 COMPILER V8.09   PWM                                                                   11/12/2012 17:59:59 PAGE 1   


C51 COMPILER V8.09, COMPILATION OF MODULE PWM
OBJECT MODULE PLACED IN pwm.OBJ
COMPILER INVOKED BY: C:\Keil\C51\C51\BIN\C51.EXE pwm.c BROWSE DEBUG OBJECTEXTEND

line level    source

   1          // pwm.c
   2          // Pulse Width Modulator has 5 lines P1.3 to P1.7, labeled as CEX0 to CEX4
   3          // RGB lines are P1_4/P1_5/P1_3 or CEX1/CEX2/CEX0
   4          // White is P1_6 or CEX3
   5          
   6          
   7          #include <at89c51xd2.H>
   8          #include "pwm.h"
   9          #include "timer.h"
  10          //#include "wdt.h"
  11          #include "konstante.h"
  12          
  13          void InitPWM (void)
  14          {
  15   1              CR = 0; // Stop PWM Counter
  16   1              init_timer0();
  17   1      
  18   1              CMOD &= ~(1 << 0);              // Cleared PWM interrupt on Clock Overflow
  19   1      
  20   1              CMOD &= ~(1 << 1);              // Timer0 overflow selected as PWM clock
  21   1              CMOD |= (1 << 2);               // Timer0 overflow selected as PWM clock
  22   1      //      CMOD &= ~(1 << 1);              // Fperiph / 6 selected as PWM clock
  23   1      //      CMOD &= ~(1 << 2);              // Fperiph / 6 selected as PWM clock
  24   1      
  25   1              CMOD &= ~(1 << 6);              // WDTE Disabled
  26   1              CMOD &= ~(1 << 7);              // PWM continues function in Idle mode
  27   1      
  28   1              CCAPM0 = 0x42;                  // CEX0 is set to be PWM
  29   1              CCAPM1 = 0x42;                  // CEX1 is set to be PWM
  30   1              CCAPM2 = 0x42;                  // CEX2 is set to be PWM
  31   1              CCAPM3 = 0x42;                  // CEX3 is set to be PWM
  32   1      
  33   1              CCAP0H = 0;                             // Inicijalna vrednost za duzinu LOW dela signala. Ovako signal ostale uvek HIGH, kao u re
             -setu
  34   1              CCAP1H = 0;                             // Inicijalna vrednost za duzinu LOW dela signala. Ovako signal ostale uvek HIGH, kao u re
             -setu
  35   1              CCAP2H = 0;                             // Inicijalna vrednost za duzinu LOW dela signala. Ovako signal ostale uvek HIGH, kao u re
             -setu
  36   1              CCAP3H = 0;                             // Inicijalna vrednost za duzinu LOW dela signala. Ovako signal ostale uvek HIGH, kao u re
             -setu
  37   1              
  38   1              CR = 1; // Start PWM Counter
  39   1      
  40   1              return;
  41   1      }
  42          
  43          void SetPWMline0_HighLen (unsigned char value)
  44          {
  45   1              CCAP0H = 255 - value;
  46   1              return;
  47   1      }
  48          
  49          void SetPWMline1_HighLen (unsigned char value)
  50          {
  51   1              CCAP1H = 255 - value;
C51 COMPILER V8.09   PWM                                                                   11/12/2012 17:59:59 PAGE 2   

  52   1              return;
  53   1      }
  54          
  55          void SetPWMline2_HighLen (unsigned char value)
  56          {
  57   1              CCAP2H = 255 - value;
  58   1              return;
  59   1      }
  60          
  61          void SetPWMline3_HighLen (unsigned char value)
  62          {
  63   1              CCAP3H = 255 - value;
  64   1              return;
  65   1      }


MODULE INFORMATION:   STATIC OVERLAYABLE
   CODE SIZE        =     72    ----
   CONSTANT SIZE    =   ----    ----
   XDATA SIZE       =   ----    ----
   PDATA SIZE       =   ----    ----
   DATA SIZE        =   ----    ----
   IDATA SIZE       =   ----    ----
   BIT SIZE         =   ----    ----
END OF MODULE INFORMATION.


C51 COMPILATION COMPLETE.  0 WARNING(S),  0 ERROR(S)
