C51 COMPILER V8.09   UART                                                                  11/12/2012 17:59:59 PAGE 1   


C51 COMPILER V8.09, COMPILATION OF MODULE UART
OBJECT MODULE PLACED IN uart.OBJ
COMPILER INVOKED BY: C:\Keil\C51\C51\BIN\C51.EXE uart.c BROWSE DEBUG OBJECTEXTEND

line level    source

   1          // UART code file
   2          //#include <reg8253.h>
   3          #include <at89c51xd2.H>
   4          #include "uart.h"
   5          #include "konstante.h"
   6          
   7          volatile unsigned char xdata RxBufTemp[RX_BUF_TEMP_SIZE];
   8          volatile unsigned int xdata RxBufTempInP;
   9          volatile bit RxBufTempNotEmpty;
  10          volatile unsigned char xdata TxBuf[TX_BUF_SIZE];
  11          unsigned char xdata RxBuf[RX_BUF_SIZE];
  12          volatile unsigned int xdata TxBufInP;
  13          volatile unsigned int xdata TxBufOutP;
  14          volatile unsigned int xdata TxBufFree;
  15          unsigned int xdata RxBufInP;
  16          unsigned int xdata RxBufOutP;
  17          unsigned int xdata RxBufFree;
  18          
  19          bit COM_Tx_Disabled;
  20          bit RxParseFlag;
  21          
  22          // Podesavanje Timer1 da bude BAUD generator
  23          void com_baudrate (unsigned baudrate)
  24          {
  25   1              EA = 0;                 // Disable All Interrupts                         
  26   1              COM_Tx_Disabled = 1;    // Transmit disabled bit
  27   1      
  28   1      /*      // This uses Timer 1 as baud generator for 9600bps
  29   1              TR1 = 0;                // Stop Timer1
  30   1              ET1 = 0;                // Disable Timer1 Interrupt
  31   1              
  32   1              RCLK = 0;
  33   1              TCLK = 0;               // Selektovan je Timer1 za BaudRate Generator za UART
  34   1              
  35   1              PCON |= 0x80;
  36   1              TMOD = 0x21;
  37   1              TH1 = (unsigned char) (256 - (XTAL / (16L * 12L * baudrate)));
  38   1              TH0 = 250;
  39   1      
  40   1              ES=1;
  41   1              TR1 = 1;                // Start Timer1
  42   1                                              // Timer1 MUST NOT have enabled interrupt
  43   1      */
  44   1      
  45   1              // This uses internal baud rate generator for 115200bps
  46   1              baudrate = baudrate;    // dummy zbog kompajler warning
  47   1              BRL = 251;      // vidi tablisu iz excel fajla
  48   1              PCON |= (1 << 7);       // setting SMOD bit - double speed
  49   1              BDRCON = (1 << 4) | (1 << 3) | (1 << 2) | (1 << 1);
  50   1      
  51   1              // This uses internal baud rate generator for 9600bps
  52   1      //      baudrate = baudrate;    // dummy zbog kompajler warning
  53   1      //      BRL = 251;      // vidi tablisu iz excel fajla
  54   1      //      BDRCON = (1 << 4) | (1 << 3) | (1 << 2);
  55   1      
C51 COMPILER V8.09   UART                                                                  11/12/2012 17:59:59 PAGE 2   

  56   1      
  57   1              EA = 1;                 // Enable All Interrupts
  58   1      }
  59          
  60          
  61          
  62          void init_com (void)
  63          {
  64   1              RxBufTempInP = 0;
  65   1              RxBufTempNotEmpty = 0;
  66   1        
  67   1              RxBufFree = RX_BUF_SIZE;
  68   1              RxBufInP = 0;
  69   1              RxBufOutP = 0;
  70   1              TxBufFree = TX_BUF_SIZE;
  71   1              TxBufInP = 0;
  72   1              TxBufOutP = 0;
  73   1              RxParseFlag = 0;
  74   1      
  75   1              com_baudrate (9600);
  76   1              
  77   1              EA = 0;         // Disable All Interrupts
  78   1                      
  79   1              SM0 = 0; 
  80   1              SM1 = 1;        // UART mode 1 selected (8-bit, 1 stop bit, no parity, baud rate variable)
  81   1              SM2 = 0;        // No multiprocessor communication
  82   1      
  83   1              REN = 1;        // Enable Receive
  84   1              ES = 1;         // Enable Serial Port Interrupt 
  85   1              
  86   1              EA = 1;         // Enable All Interrupts
  87   1      
  88   1      
  89   1      }
  90          
  91          
  92          // Funkcija koja upisuje karakter za slanje u OUTPUT bafer
  93          char com_putchar (unsigned char c)
  94          {
  95   1              if (!TxBufFree) // If the buffer is not free, return an error value.
  96   1                return (-1);
  97   1              
  98   1              EA = 0;                                                                 // Disable Interrupts
  99   1              TxBuf [TxBufInP++] = c;                         // Add the data to the transmit buffer
 100   1              TxBufInP %= TX_BUF_SIZE;
 101   1              TxBufFree--;
 102   1              
 103   1              if (COM_Tx_Disabled)                                                            // if transmitter is disabled 
 104   1              {
 105   2                      COM_Tx_Disabled = 0;
 106   2                      TI = 1;                                                                                 // enable it 
 107   2              }
 108   1              
 109   1              EA = 1;                                                                 // Enable Interrupts
 110   1              
 111   1              return (0);
 112   1      }
 113          
 114          
 115          char putchar (char c)
 116          {
 117   1              while (com_putchar (c) != 0);
C51 COMPILER V8.09   UART                                                                  11/12/2012 17:59:59 PAGE 3   

 118   1              return (c);
 119   1      }
 120          
 121          
 122          
 123          /******************************************************************************/
 124          /*       serial:  serial receiver / transmitter interrupt                     */
 125          /******************************************************************************/
 126          serial () interrupt 4 using 2           // UART is interrupt 4
 127          {                                                               /* use registerbank 2 for interrupt      */
 128   1              unsigned char c;
 129   1      
 130   1              if (RI)                         /* if receiver interrupt                 */
 131   1              {
 132   2                      RI = 0;                                         /* reset interrupt flag                  */
 133   2      
 134   2                      c = SBUF;                                       /* read character                        */
 135   2                      if (RxBufTempInP < RX_BUF_TEMP_SIZE)
 136   2                      {
 137   3                              RxBufTemp[RxBufTempInP++] = c;
 138   3                              RxBufTempNotEmpty = 1;
 139   3                      }
 140   2              }
 141   1      
 142   1      
 143   1              if (TI)                                                 /* if transmitter interrupt              */
 144   1              {
 145   2                      TI = 0;                                         /* reset interrupt flag                  */
 146   2      
 147   2                      if (TxBufFree < TX_BUF_SIZE)
 148   2                      {
 149   3                              SBUF = TxBuf [TxBufOutP++];
 150   3                              if (TxBufOutP == TX_BUF_SIZE)
 151   3                                      TxBufOutP = 0;
 152   3                              TxBufFree++;
 153   3                      }
 154   2                      else
 155   2                              COM_Tx_Disabled = 1;
 156   2              }
 157   1      }
 158          


MODULE INFORMATION:   STATIC OVERLAYABLE
   CODE SIZE        =    340    ----
   CONSTANT SIZE    =   ----    ----
   XDATA SIZE       =    564    ----
   PDATA SIZE       =   ----    ----
   DATA SIZE        =   ----    ----
   IDATA SIZE       =   ----    ----
   BIT SIZE         =      3    ----
END OF MODULE INFORMATION.


C51 COMPILATION COMPLETE.  0 WARNING(S),  0 ERROR(S)
